; Top Design: "project_system_lib:TEST_FILTRE_SF150868M4UU0:schematic"
; Netlisted using Hierarchy Policy: "Standard"

Options ResourceUsage=yes UseNutmegFormat=no EnableOptim=no TopDesignName="project_system_lib:TEST_FILTRE_SF150868M4UU0:schematic" DcopOutputNodeVoltages=yes DcopOutputPinCurrents=yes DcopOutputAllSweepPoints=no DcopOutputDcopType=0
; Library Name: project_system_lib
; Cell Name: SYMB_Filtre_SF160868M4UU01
; View Name: schematic
define SYMB_Filtre_SF160868M4UU01 ( P1  P2 ) 
;parameters 
#uselib "ckt" , "BPF_Chebyshev"
BPF_Chebyshev:BPF1  P1 P2 Fcenter=868 MHz BWpass=19 MHz Apass=3 dB Ripple=2 dB BWstop=24 MHz Astop=20 dB StopType="open" MaxRej=35 dB N=0 IL=4 dB Qu=1E308 Z1=50 Ohm tune{ 25 Ohm to 100 Ohm by 5 Ohm } Z2=50 Ohm tune{ 25 Ohm to 100 Ohm by 5 Ohm } 
end SYMB_Filtre_SF160868M4UU01

SYMB_Filtre_SF160868M4UU01:X1  N__1 N__0 
Port:TermG1  N__1 0 Num=1 Z=50 Ohm Noise=yes 
Port:TermG2  N__0 0 Num=2 Z=50 Ohm Noise=yes 
S_Param:SP1 CalcS=yes CalcY=no CalcZ=no GroupDelayAperture=1e-4 FreqConversion=no FreqConversionPort=1 StatusLevel=2 CalcNoise=no SortNoise=0 BandwidthForNoise=1.0 Hz DevOpPtLevel=0 SPSS_WSP=yes \
SweepVar="freq" SweepPlan="SP1_stim" OutputPlan="SP1_Output" 

SweepPlan: SP1_stim Start=800 MHz Stop=900 MHz Lin=1001 

OutputPlan:SP1_Output \
      Type="Output" \
      UseEquationNestLevel=yes \
      EquationNestLevel=2 \
      UseSavedEquationNestLevel=yes \
      SavedEquationNestLevel=2

#load "python","LinearCollapse"
Component Module="LinearCollapse" Type="ModelExtractor" NetworkRepresentation=2
